Date:05-01-2018 14:22:53Array
(
    [CARD_AMOUNT] => 500000
    [DATES] => 15-01-2018
)

Date:05-01-2018 14:23:20Thành công thêm dữ liệu vào bảng IDVN_REPORT_BAD_DEBT
Date:05-01-2018 14:23:20Array
(
    [CARD_AMOUNT] => 0
    [DATES] => 16-01-2018
)

Date:05-01-2018 14:23:20Thành công thêm dữ liệu vào bảng IDVN_REPORT_BAD_DEBT
Date:05-01-2018 14:23:20Array
(
    [CARD_AMOUNT] => 10000
    [DATES] => 16-01-2018
)

Date:05-01-2018 14:23:20Thành công thêm dữ liệu vào bảng IDVN_REPORT_BAD_DEBT
Date:05-01-2018 14:23:20Array
(
    [CARD_AMOUNT] => 20000
    [DATES] => 16-01-2018
)

Date:05-01-2018 14:23:20Thành công thêm dữ liệu vào bảng IDVN_REPORT_BAD_DEBT
Date:05-01-2018 14:23:20Array
(
    [CARD_AMOUNT] => 30000
    [DATES] => 16-01-2018
)

Date:05-01-2018 14:23:21Thành công thêm dữ liệu vào bảng IDVN_REPORT_BAD_DEBT
Date:05-01-2018 14:23:21Array
(
    [CARD_AMOUNT] => 50000
    [DATES] => 16-01-2018
)

Date:05-01-2018 14:23:21Thành công thêm dữ liệu vào bảng IDVN_REPORT_BAD_DEBT
Date:05-01-2018 14:23:21Array
(
    [CARD_AMOUNT] => 100000
    [DATES] => 16-01-2018
)

Date:05-01-2018 14:23:21Thành công thêm dữ liệu vào bảng IDVN_REPORT_BAD_DEBT
Date:05-01-2018 14:23:21Array
(
    [CARD_AMOUNT] => 200000
    [DATES] => 16-01-2018
)

Date:05-01-2018 14:23:21Thành công thêm dữ liệu vào bảng IDVN_REPORT_BAD_DEBT
Date:05-01-2018 14:23:21Array
(
    [CARD_AMOUNT] => 500000
    [DATES] => 16-01-2018
)

Date:05-01-2018 15:54:28Thành công thêm dữ liệu vào bảng IDVN_REPORT_BAD_DEBT
Date:05-01-2018 15:54:28Array
(
    [CARD_AMOUNT] => 10000
    [DATES] => 01-12-2017
)

Date:05-01-2018 15:54:28Thành công thêm dữ liệu vào bảng IDVN_REPORT_BAD_DEBT
Date:05-01-2018 15:54:28Array
(
    [CARD_AMOUNT] => 10000
    [DATES] => 02-12-2017
)

Date:05-01-2018 15:54:28Thành công thêm dữ liệu vào bảng IDVN_REPORT_BAD_DEBT
Date:05-01-2018 15:54:28Array
(
    [CARD_AMOUNT] => 10000
    [DATES] => 03-12-2017
)

Date:05-01-2018 15:54:28Thành công thêm dữ liệu vào bảng IDVN_REPORT_BAD_DEBT
Date:05-01-2018 15:54:28Array
(
    [CARD_AMOUNT] => 10000
    [DATES] => 04-12-2017
)

Date:05-01-2018 15:54:29Thành công thêm dữ liệu vào bảng IDVN_REPORT_BAD_DEBT
Date:05-01-2018 15:54:29Array
(
    [CARD_AMOUNT] => 30000
    [DATES] => 01-12-2017
)

Date:05-01-2018 15:54:29Thành công thêm dữ liệu vào bảng IDVN_REPORT_BAD_DEBT
Date:05-01-2018 15:54:29Array
(
    [CARD_AMOUNT] => 30000
    [DATES] => 02-12-2017
)

Date:05-01-2018 15:54:30Thành công thêm dữ liệu vào bảng IDVN_REPORT_BAD_DEBT
Date:05-01-2018 15:54:30Array
(
    [CARD_AMOUNT] => 30000
    [DATES] => 03-12-2017
)

Date:05-01-2018 15:54:30Thành công thêm dữ liệu vào bảng IDVN_REPORT_BAD_DEBT
Date:05-01-2018 15:54:30Array
(
    [CARD_AMOUNT] => 30000
    [DATES] => 04-12-2017
)

Date:05-01-2018 15:54:30Thành công thêm dữ liệu vào bảng IDVN_REPORT_BAD_DEBT
Date:05-01-2018 15:54:30Array
(
    [CARD_AMOUNT] => 50000
    [DATES] => 01-12-2017
)

Date:05-01-2018 15:54:30Thành công thêm dữ liệu vào bảng IDVN_REPORT_BAD_DEBT
Date:05-01-2018 15:54:30Array
(
    [CARD_AMOUNT] => 50000
    [DATES] => 02-12-2017
)

Date:05-01-2018 15:54:30Thành công thêm dữ liệu vào bảng IDVN_REPORT_BAD_DEBT
Date:05-01-2018 15:54:30Array
(
    [CARD_AMOUNT] => 50000
    [DATES] => 03-12-2017
)

Date:05-01-2018 15:54:30Thành công thêm dữ liệu vào bảng IDVN_REPORT_BAD_DEBT
Date:05-01-2018 15:54:30Array
(
    [CARD_AMOUNT] => 50000
    [DATES] => 04-12-2017
)

Date:05-01-2018 15:54:30Thành công thêm dữ liệu vào bảng IDVN_REPORT_BAD_DEBT
Date:05-01-2018 15:54:30Array
(
    [CARD_AMOUNT] => 100000
    [DATES] => 01-12-2017
)

Date:05-01-2018 15:54:30Thành công thêm dữ liệu vào bảng IDVN_REPORT_BAD_DEBT
Date:05-01-2018 15:54:30Array
(
    [CARD_AMOUNT] => 100000
    [DATES] => 02-12-2017
)

Date:05-01-2018 15:54:30Thành công thêm dữ liệu vào bảng IDVN_REPORT_BAD_DEBT
Date:05-01-2018 15:54:30Array
(
    [CARD_AMOUNT] => 100000
    [DATES] => 03-12-2017
)

Date:05-01-2018 15:54:30Thành công thêm dữ liệu vào bảng IDVN_REPORT_BAD_DEBT
Date:05-01-2018 15:54:30Array
(
    [CARD_AMOUNT] => 100000
    [DATES] => 04-12-2017
)

Date:05-01-2018 15:54:30Thành công thêm dữ liệu vào bảng IDVN_REPORT_BAD_DEBT
Date:05-01-2018 15:54:30Array
(
    [CARD_AMOUNT] => 200000
    [DATES] => 01-12-2017
)

Date:05-01-2018 15:54:30Thành công thêm dữ liệu vào bảng IDVN_REPORT_BAD_DEBT
Date:05-01-2018 15:54:30Array
(
    [CARD_AMOUNT] => 200000
    [DATES] => 02-12-2017
)

Date:05-01-2018 15:54:30Thành công thêm dữ liệu vào bảng IDVN_REPORT_BAD_DEBT
Date:05-01-2018 15:54:30Array
(
    [CARD_AMOUNT] => 200000
    [DATES] => 03-12-2017
)

Date:05-01-2018 15:54:30Thành công thêm dữ liệu vào bảng IDVN_REPORT_BAD_DEBT
Date:05-01-2018 15:54:30Array
(
    [CARD_AMOUNT] => 200000
    [DATES] => 04-12-2017
)

Date:05-01-2018 15:54:30Thành công thêm dữ liệu vào bảng IDVN_REPORT_BAD_DEBT
Date:05-01-2018 15:54:30Array
(
    [CARD_AMOUNT] => 500000
    [DATES] => 01-12-2017
)

Date:05-01-2018 15:54:30Thành công thêm dữ liệu vào bảng IDVN_REPORT_BAD_DEBT
Date:05-01-2018 15:54:30Array
(
    [CARD_AMOUNT] => 500000
    [DATES] => 02-12-2017
)

Date:05-01-2018 15:54:30Thành công thêm dữ liệu vào bảng IDVN_REPORT_BAD_DEBT
Date:05-01-2018 15:54:30Array
(
    [CARD_AMOUNT] => 500000
    [DATES] => 03-12-2017
)

Date:05-01-2018 15:54:30Thành công thêm dữ liệu vào bảng IDVN_REPORT_BAD_DEBT
Date:05-01-2018 15:54:30Array
(
    [CARD_AMOUNT] => 500000
    [DATES] => 04-12-2017
)

Date:05-01-2018 16:23:14Thành công thêm dữ liệu vào bảng IDVN_REPORT_BAD_DEBT
Date:05-01-2018 16:23:14Array
(
    [CARD_AMOUNT] => 10000
    [DATES] => 05-12-2017
)

Date:05-01-2018 16:23:15Thành công thêm dữ liệu vào bảng IDVN_REPORT_BAD_DEBT
Date:05-01-2018 16:23:15Array
(
    [CARD_AMOUNT] => 10000
    [DATES] => 06-12-2017
)

Date:05-01-2018 16:23:15Thành công thêm dữ liệu vào bảng IDVN_REPORT_BAD_DEBT
Date:05-01-2018 16:23:15Array
(
    [CARD_AMOUNT] => 10000
    [DATES] => 07-12-2017
)

Date:05-01-2018 16:23:15Thành công thêm dữ liệu vào bảng IDVN_REPORT_BAD_DEBT
Date:05-01-2018 16:23:15Array
(
    [CARD_AMOUNT] => 10000
    [DATES] => 08-12-2017
)

Date:05-01-2018 16:23:15Thành công thêm dữ liệu vào bảng IDVN_REPORT_BAD_DEBT
Date:05-01-2018 16:23:15Array
(
    [CARD_AMOUNT] => 10000
    [DATES] => 09-12-2017
)

Date:05-01-2018 16:23:15Thành công thêm dữ liệu vào bảng IDVN_REPORT_BAD_DEBT
Date:05-01-2018 16:23:15Array
(
    [CARD_AMOUNT] => 10000
    [DATES] => 10-12-2017
)

Date:05-01-2018 16:23:15Thành công thêm dữ liệu vào bảng IDVN_REPORT_BAD_DEBT
Date:05-01-2018 16:23:15Array
(
    [CARD_AMOUNT] => 10000
    [DATES] => 11-12-2017
)

Date:05-01-2018 16:23:15Thành công thêm dữ liệu vào bảng IDVN_REPORT_BAD_DEBT
Date:05-01-2018 16:23:15Array
(
    [CARD_AMOUNT] => 10000
    [DATES] => 12-12-2017
)

Date:05-01-2018 16:23:15Thành công thêm dữ liệu vào bảng IDVN_REPORT_BAD_DEBT
Date:05-01-2018 16:23:15Array
(
    [CARD_AMOUNT] => 10000
    [DATES] => 13-12-2017
)

Date:05-01-2018 16:23:15Thành công thêm dữ liệu vào bảng IDVN_REPORT_BAD_DEBT
Date:05-01-2018 16:23:15Array
(
    [CARD_AMOUNT] => 10000
    [DATES] => 14-12-2017
)

Date:05-01-2018 16:23:15Thành công thêm dữ liệu vào bảng IDVN_REPORT_BAD_DEBT
Date:05-01-2018 16:23:15Array
(
    [CARD_AMOUNT] => 10000
    [DATES] => 16-12-2017
)

Date:05-01-2018 16:23:15Thành công thêm dữ liệu vào bảng IDVN_REPORT_BAD_DEBT
Date:05-01-2018 16:23:15Array
(
    [CARD_AMOUNT] => 10000
    [DATES] => 17-12-2017
)

Date:05-01-2018 16:23:15Thành công thêm dữ liệu vào bảng IDVN_REPORT_BAD_DEBT
Date:05-01-2018 16:23:15Array
(
    [CARD_AMOUNT] => 10000
    [DATES] => 18-12-2017
)

Date:05-01-2018 16:23:15Thành công thêm dữ liệu vào bảng IDVN_REPORT_BAD_DEBT
Date:05-01-2018 16:23:15Array
(
    [CARD_AMOUNT] => 10000
    [DATES] => 19-12-2017
)

Date:05-01-2018 16:23:15Thành công thêm dữ liệu vào bảng IDVN_REPORT_BAD_DEBT
Date:05-01-2018 16:23:15Array
(
    [CARD_AMOUNT] => 10000
    [DATES] => 21-12-2017
)

Date:05-01-2018 16:23:16Thành công thêm dữ liệu vào bảng IDVN_REPORT_BAD_DEBT
Date:05-01-2018 16:23:16Array
(
    [CARD_AMOUNT] => 30000
    [DATES] => 05-12-2017
)

Date:05-01-2018 16:23:16Thành công thêm dữ liệu vào bảng IDVN_REPORT_BAD_DEBT
Date:05-01-2018 16:23:16Array
(
    [CARD_AMOUNT] => 30000
    [DATES] => 06-12-2017
)

Date:05-01-2018 16:23:16Thành công thêm dữ liệu vào bảng IDVN_REPORT_BAD_DEBT
Date:05-01-2018 16:23:16Array
(
    [CARD_AMOUNT] => 30000
    [DATES] => 07-12-2017
)

Date:05-01-2018 16:23:16Thành công thêm dữ liệu vào bảng IDVN_REPORT_BAD_DEBT
Date:05-01-2018 16:23:16Array
(
    [CARD_AMOUNT] => 30000
    [DATES] => 08-12-2017
)

Date:05-01-2018 16:23:16Thành công thêm dữ liệu vào bảng IDVN_REPORT_BAD_DEBT
Date:05-01-2018 16:23:16Array
(
    [CARD_AMOUNT] => 30000
    [DATES] => 09-12-2017
)

Date:05-01-2018 16:23:16Thành công thêm dữ liệu vào bảng IDVN_REPORT_BAD_DEBT
Date:05-01-2018 16:23:16Array
(
    [CARD_AMOUNT] => 30000
    [DATES] => 10-12-2017
)

Date:05-01-2018 16:23:16Thành công thêm dữ liệu vào bảng IDVN_REPORT_BAD_DEBT
Date:05-01-2018 16:23:16Array
(
    [CARD_AMOUNT] => 30000
    [DATES] => 11-12-2017
)

Date:05-01-2018 16:23:16Thành công thêm dữ liệu vào bảng IDVN_REPORT_BAD_DEBT
Date:05-01-2018 16:23:16Array
(
    [CARD_AMOUNT] => 30000
    [DATES] => 12-12-2017
)

Date:05-01-2018 16:23:16Thành công thêm dữ liệu vào bảng IDVN_REPORT_BAD_DEBT
Date:05-01-2018 16:23:16Array
(
    [CARD_AMOUNT] => 30000
    [DATES] => 13-12-2017
)

Date:05-01-2018 16:23:16Thành công thêm dữ liệu vào bảng IDVN_REPORT_BAD_DEBT
Date:05-01-2018 16:23:16Array
(
    [CARD_AMOUNT] => 30000
    [DATES] => 14-12-2017
)

Date:05-01-2018 16:23:16Thành công thêm dữ liệu vào bảng IDVN_REPORT_BAD_DEBT
Date:05-01-2018 16:23:16Array
(
    [CARD_AMOUNT] => 30000
    [DATES] => 15-12-2017
)

Date:05-01-2018 16:23:16Thành công thêm dữ liệu vào bảng IDVN_REPORT_BAD_DEBT
Date:05-01-2018 16:23:16Array
(
    [CARD_AMOUNT] => 30000
    [DATES] => 16-12-2017
)

Date:05-01-2018 16:23:16Thành công thêm dữ liệu vào bảng IDVN_REPORT_BAD_DEBT
Date:05-01-2018 16:23:16Array
(
    [CARD_AMOUNT] => 30000
    [DATES] => 17-12-2017
)

Date:05-01-2018 16:23:16Thành công thêm dữ liệu vào bảng IDVN_REPORT_BAD_DEBT
Date:05-01-2018 16:23:16Array
(
    [CARD_AMOUNT] => 30000
    [DATES] => 18-12-2017
)

Date:05-01-2018 16:23:17Thành công thêm dữ liệu vào bảng IDVN_REPORT_BAD_DEBT
Date:05-01-2018 16:23:17Array
(
    [CARD_AMOUNT] => 30000
    [DATES] => 19-12-2017
)

Date:05-01-2018 16:23:17Thành công thêm dữ liệu vào bảng IDVN_REPORT_BAD_DEBT
Date:05-01-2018 16:23:17Array
(
    [CARD_AMOUNT] => 30000
    [DATES] => 20-12-2017
)

Date:05-01-2018 16:23:17Thành công thêm dữ liệu vào bảng IDVN_REPORT_BAD_DEBT
Date:05-01-2018 16:23:17Array
(
    [CARD_AMOUNT] => 30000
    [DATES] => 21-12-2017
)

Date:05-01-2018 16:23:17Thành công thêm dữ liệu vào bảng IDVN_REPORT_BAD_DEBT
Date:05-01-2018 16:23:17Array
(
    [CARD_AMOUNT] => 50000
    [DATES] => 05-12-2017
)

Date:05-01-2018 16:23:17Thành công thêm dữ liệu vào bảng IDVN_REPORT_BAD_DEBT
Date:05-01-2018 16:23:17Array
(
    [CARD_AMOUNT] => 50000
    [DATES] => 06-12-2017
)

Date:05-01-2018 16:23:17Thành công thêm dữ liệu vào bảng IDVN_REPORT_BAD_DEBT
Date:05-01-2018 16:23:17Array
(
    [CARD_AMOUNT] => 50000
    [DATES] => 07-12-2017
)

Date:05-01-2018 16:23:17Thành công thêm dữ liệu vào bảng IDVN_REPORT_BAD_DEBT
Date:05-01-2018 16:23:17Array
(
    [CARD_AMOUNT] => 50000
    [DATES] => 08-12-2017
)

Date:05-01-2018 16:23:17Thành công thêm dữ liệu vào bảng IDVN_REPORT_BAD_DEBT
Date:05-01-2018 16:23:17Array
(
    [CARD_AMOUNT] => 50000
    [DATES] => 09-12-2017
)

Date:05-01-2018 16:23:17Thành công thêm dữ liệu vào bảng IDVN_REPORT_BAD_DEBT
Date:05-01-2018 16:23:17Array
(
    [CARD_AMOUNT] => 50000
    [DATES] => 10-12-2017
)

Date:05-01-2018 16:23:17Thành công thêm dữ liệu vào bảng IDVN_REPORT_BAD_DEBT
Date:05-01-2018 16:23:17Array
(
    [CARD_AMOUNT] => 50000
    [DATES] => 11-12-2017
)

Date:05-01-2018 16:23:17Thành công thêm dữ liệu vào bảng IDVN_REPORT_BAD_DEBT
Date:05-01-2018 16:23:17Array
(
    [CARD_AMOUNT] => 50000
    [DATES] => 12-12-2017
)

Date:05-01-2018 16:23:17Thành công thêm dữ liệu vào bảng IDVN_REPORT_BAD_DEBT
Date:05-01-2018 16:23:17Array
(
    [CARD_AMOUNT] => 50000
    [DATES] => 13-12-2017
)

Date:05-01-2018 16:23:17Thành công thêm dữ liệu vào bảng IDVN_REPORT_BAD_DEBT
Date:05-01-2018 16:23:17Array
(
    [CARD_AMOUNT] => 50000
    [DATES] => 14-12-2017
)

Date:05-01-2018 16:23:17Thành công thêm dữ liệu vào bảng IDVN_REPORT_BAD_DEBT
Date:05-01-2018 16:23:17Array
(
    [CARD_AMOUNT] => 50000
    [DATES] => 15-12-2017
)

Date:05-01-2018 16:23:17Thành công thêm dữ liệu vào bảng IDVN_REPORT_BAD_DEBT
Date:05-01-2018 16:23:17Array
(
    [CARD_AMOUNT] => 50000
    [DATES] => 16-12-2017
)

Date:05-01-2018 16:23:17Thành công thêm dữ liệu vào bảng IDVN_REPORT_BAD_DEBT
Date:05-01-2018 16:23:17Array
(
    [CARD_AMOUNT] => 50000
    [DATES] => 17-12-2017
)

Date:05-01-2018 16:23:17Thành công thêm dữ liệu vào bảng IDVN_REPORT_BAD_DEBT
Date:05-01-2018 16:23:17Array
(
    [CARD_AMOUNT] => 50000
    [DATES] => 18-12-2017
)

Date:05-01-2018 16:23:18Thành công thêm dữ liệu vào bảng IDVN_REPORT_BAD_DEBT
Date:05-01-2018 16:23:18Array
(
    [CARD_AMOUNT] => 50000
    [DATES] => 19-12-2017
)

Date:05-01-2018 16:23:18Thành công thêm dữ liệu vào bảng IDVN_REPORT_BAD_DEBT
Date:05-01-2018 16:23:18Array
(
    [CARD_AMOUNT] => 50000
    [DATES] => 20-12-2017
)

Date:05-01-2018 16:23:18Thành công thêm dữ liệu vào bảng IDVN_REPORT_BAD_DEBT
Date:05-01-2018 16:23:18Array
(
    [CARD_AMOUNT] => 50000
    [DATES] => 21-12-2017
)

Date:05-01-2018 16:23:18Thành công thêm dữ liệu vào bảng IDVN_REPORT_BAD_DEBT
Date:05-01-2018 16:23:18Array
(
    [CARD_AMOUNT] => 100000
    [DATES] => 05-12-2017
)

Date:05-01-2018 16:23:18Thành công thêm dữ liệu vào bảng IDVN_REPORT_BAD_DEBT
Date:05-01-2018 16:23:18Array
(
    [CARD_AMOUNT] => 100000
    [DATES] => 06-12-2017
)

Date:05-01-2018 16:23:18Thành công thêm dữ liệu vào bảng IDVN_REPORT_BAD_DEBT
Date:05-01-2018 16:23:18Array
(
    [CARD_AMOUNT] => 100000
    [DATES] => 07-12-2017
)

Date:05-01-2018 16:23:18Thành công thêm dữ liệu vào bảng IDVN_REPORT_BAD_DEBT
Date:05-01-2018 16:23:18Array
(
    [CARD_AMOUNT] => 100000
    [DATES] => 08-12-2017
)

Date:05-01-2018 16:23:18Thành công thêm dữ liệu vào bảng IDVN_REPORT_BAD_DEBT
Date:05-01-2018 16:23:18Array
(
    [CARD_AMOUNT] => 100000
    [DATES] => 09-12-2017
)

Date:05-01-2018 16:23:18Thành công thêm dữ liệu vào bảng IDVN_REPORT_BAD_DEBT
Date:05-01-2018 16:23:18Array
(
    [CARD_AMOUNT] => 100000
    [DATES] => 10-12-2017
)

Date:05-01-2018 16:23:18Thành công thêm dữ liệu vào bảng IDVN_REPORT_BAD_DEBT
Date:05-01-2018 16:23:18Array
(
    [CARD_AMOUNT] => 100000
    [DATES] => 11-12-2017
)

Date:05-01-2018 16:23:18Thành công thêm dữ liệu vào bảng IDVN_REPORT_BAD_DEBT
Date:05-01-2018 16:23:18Array
(
    [CARD_AMOUNT] => 100000
    [DATES] => 12-12-2017
)

Date:05-01-2018 16:23:18Thành công thêm dữ liệu vào bảng IDVN_REPORT_BAD_DEBT
Date:05-01-2018 16:23:18Array
(
    [CARD_AMOUNT] => 100000
    [DATES] => 13-12-2017
)

Date:05-01-2018 16:23:18Thành công thêm dữ liệu vào bảng IDVN_REPORT_BAD_DEBT
Date:05-01-2018 16:23:18Array
(
    [CARD_AMOUNT] => 100000
    [DATES] => 14-12-2017
)

Date:05-01-2018 16:23:18Thành công thêm dữ liệu vào bảng IDVN_REPORT_BAD_DEBT
Date:05-01-2018 16:23:18Array
(
    [CARD_AMOUNT] => 100000
    [DATES] => 15-12-2017
)

Date:05-01-2018 16:23:18Thành công thêm dữ liệu vào bảng IDVN_REPORT_BAD_DEBT
Date:05-01-2018 16:23:18Array
(
    [CARD_AMOUNT] => 100000
    [DATES] => 16-12-2017
)

Date:05-01-2018 16:23:18Thành công thêm dữ liệu vào bảng IDVN_REPORT_BAD_DEBT
Date:05-01-2018 16:23:18Array
(
    [CARD_AMOUNT] => 100000
    [DATES] => 17-12-2017
)

Date:05-01-2018 16:23:18Thành công thêm dữ liệu vào bảng IDVN_REPORT_BAD_DEBT
Date:05-01-2018 16:23:18Array
(
    [CARD_AMOUNT] => 100000
    [DATES] => 18-12-2017
)

Date:05-01-2018 16:23:18Thành công thêm dữ liệu vào bảng IDVN_REPORT_BAD_DEBT
Date:05-01-2018 16:23:18Array
(
    [CARD_AMOUNT] => 100000
    [DATES] => 19-12-2017
)

Date:05-01-2018 16:23:18Thành công thêm dữ liệu vào bảng IDVN_REPORT_BAD_DEBT
Date:05-01-2018 16:23:18Array
(
    [CARD_AMOUNT] => 100000
    [DATES] => 20-12-2017
)

Date:05-01-2018 16:23:19Thành công thêm dữ liệu vào bảng IDVN_REPORT_BAD_DEBT
Date:05-01-2018 16:23:19Array
(
    [CARD_AMOUNT] => 100000
    [DATES] => 21-12-2017
)

Date:05-01-2018 16:23:19Thành công thêm dữ liệu vào bảng IDVN_REPORT_BAD_DEBT
Date:05-01-2018 16:23:19Array
(
    [CARD_AMOUNT] => 200000
    [DATES] => 05-12-2017
)

Date:05-01-2018 16:23:19Thành công thêm dữ liệu vào bảng IDVN_REPORT_BAD_DEBT
Date:05-01-2018 16:23:19Array
(
    [CARD_AMOUNT] => 200000
    [DATES] => 06-12-2017
)

Date:05-01-2018 16:23:19Thành công thêm dữ liệu vào bảng IDVN_REPORT_BAD_DEBT
Date:05-01-2018 16:23:19Array
(
    [CARD_AMOUNT] => 200000
    [DATES] => 07-12-2017
)

Date:05-01-2018 16:23:19Thành công thêm dữ liệu vào bảng IDVN_REPORT_BAD_DEBT
Date:05-01-2018 16:23:19Array
(
    [CARD_AMOUNT] => 200000
    [DATES] => 08-12-2017
)

Date:05-01-2018 16:23:19Thành công thêm dữ liệu vào bảng IDVN_REPORT_BAD_DEBT
Date:05-01-2018 16:23:19Array
(
    [CARD_AMOUNT] => 200000
    [DATES] => 09-12-2017
)

Date:05-01-2018 16:23:19Thành công thêm dữ liệu vào bảng IDVN_REPORT_BAD_DEBT
Date:05-01-2018 16:23:19Array
(
    [CARD_AMOUNT] => 200000
    [DATES] => 10-12-2017
)

Date:05-01-2018 16:23:19Thành công thêm dữ liệu vào bảng IDVN_REPORT_BAD_DEBT
Date:05-01-2018 16:23:19Array
(
    [CARD_AMOUNT] => 200000
    [DATES] => 11-12-2017
)

Date:05-01-2018 16:23:19Thành công thêm dữ liệu vào bảng IDVN_REPORT_BAD_DEBT
Date:05-01-2018 16:23:19Array
(
    [CARD_AMOUNT] => 200000
    [DATES] => 12-12-2017
)

Date:05-01-2018 16:23:19Thành công thêm dữ liệu vào bảng IDVN_REPORT_BAD_DEBT
Date:05-01-2018 16:23:19Array
(
    [CARD_AMOUNT] => 200000
    [DATES] => 13-12-2017
)

Date:05-01-2018 16:23:19Thành công thêm dữ liệu vào bảng IDVN_REPORT_BAD_DEBT
Date:05-01-2018 16:23:19Array
(
    [CARD_AMOUNT] => 200000
    [DATES] => 14-12-2017
)

Date:05-01-2018 16:23:19Thành công thêm dữ liệu vào bảng IDVN_REPORT_BAD_DEBT
Date:05-01-2018 16:23:19Array
(
    [CARD_AMOUNT] => 200000
    [DATES] => 15-12-2017
)

Date:05-01-2018 16:23:19Thành công thêm dữ liệu vào bảng IDVN_REPORT_BAD_DEBT
Date:05-01-2018 16:23:19Array
(
    [CARD_AMOUNT] => 200000
    [DATES] => 16-12-2017
)

Date:05-01-2018 16:23:19Thành công thêm dữ liệu vào bảng IDVN_REPORT_BAD_DEBT
Date:05-01-2018 16:23:19Array
(
    [CARD_AMOUNT] => 200000
    [DATES] => 17-12-2017
)

Date:05-01-2018 16:23:19Thành công thêm dữ liệu vào bảng IDVN_REPORT_BAD_DEBT
Date:05-01-2018 16:23:19Array
(
    [CARD_AMOUNT] => 200000
    [DATES] => 18-12-2017
)

Date:05-01-2018 16:23:19Thành công thêm dữ liệu vào bảng IDVN_REPORT_BAD_DEBT
Date:05-01-2018 16:23:19Array
(
    [CARD_AMOUNT] => 200000
    [DATES] => 19-12-2017
)

Date:05-01-2018 16:23:19Thành công thêm dữ liệu vào bảng IDVN_REPORT_BAD_DEBT
Date:05-01-2018 16:23:19Array
(
    [CARD_AMOUNT] => 200000
    [DATES] => 20-12-2017
)

Date:05-01-2018 16:23:19Thành công thêm dữ liệu vào bảng IDVN_REPORT_BAD_DEBT
Date:05-01-2018 16:23:19Array
(
    [CARD_AMOUNT] => 200000
    [DATES] => 21-12-2017
)

Date:05-01-2018 16:23:19Thành công thêm dữ liệu vào bảng IDVN_REPORT_BAD_DEBT
Date:05-01-2018 16:23:19Array
(
    [CARD_AMOUNT] => 500000
    [DATES] => 05-12-2017
)

Date:05-01-2018 16:23:20Thành công thêm dữ liệu vào bảng IDVN_REPORT_BAD_DEBT
Date:05-01-2018 16:23:20Array
(
    [CARD_AMOUNT] => 500000
    [DATES] => 06-12-2017
)

Date:05-01-2018 16:23:20Thành công thêm dữ liệu vào bảng IDVN_REPORT_BAD_DEBT
Date:05-01-2018 16:23:20Array
(
    [CARD_AMOUNT] => 500000
    [DATES] => 07-12-2017
)

Date:05-01-2018 16:23:20Thành công thêm dữ liệu vào bảng IDVN_REPORT_BAD_DEBT
Date:05-01-2018 16:23:20Array
(
    [CARD_AMOUNT] => 500000
    [DATES] => 08-12-2017
)

Date:05-01-2018 16:23:20Thành công thêm dữ liệu vào bảng IDVN_REPORT_BAD_DEBT
Date:05-01-2018 16:23:20Array
(
    [CARD_AMOUNT] => 500000
    [DATES] => 09-12-2017
)

Date:05-01-2018 16:23:20Thành công thêm dữ liệu vào bảng IDVN_REPORT_BAD_DEBT
Date:05-01-2018 16:23:20Array
(
    [CARD_AMOUNT] => 500000
    [DATES] => 10-12-2017
)

Date:05-01-2018 16:23:20Thành công thêm dữ liệu vào bảng IDVN_REPORT_BAD_DEBT
Date:05-01-2018 16:23:20Array
(
    [CARD_AMOUNT] => 500000
    [DATES] => 11-12-2017
)

Date:05-01-2018 16:23:20Thành công thêm dữ liệu vào bảng IDVN_REPORT_BAD_DEBT
Date:05-01-2018 16:23:20Array
(
    [CARD_AMOUNT] => 500000
    [DATES] => 12-12-2017
)

Date:05-01-2018 16:23:20Thành công thêm dữ liệu vào bảng IDVN_REPORT_BAD_DEBT
Date:05-01-2018 16:23:20Array
(
    [CARD_AMOUNT] => 500000
    [DATES] => 13-12-2017
)

Date:05-01-2018 16:23:20Thành công thêm dữ liệu vào bảng IDVN_REPORT_BAD_DEBT
Date:05-01-2018 16:23:20Array
(
    [CARD_AMOUNT] => 500000
    [DATES] => 14-12-2017
)

Date:05-01-2018 16:23:20Thành công thêm dữ liệu vào bảng IDVN_REPORT_BAD_DEBT
Date:05-01-2018 16:23:20Array
(
    [CARD_AMOUNT] => 500000
    [DATES] => 15-12-2017
)

Date:05-01-2018 16:23:20Thành công thêm dữ liệu vào bảng IDVN_REPORT_BAD_DEBT
Date:05-01-2018 16:23:20Array
(
    [CARD_AMOUNT] => 500000
    [DATES] => 16-12-2017
)

Date:05-01-2018 16:23:20Thành công thêm dữ liệu vào bảng IDVN_REPORT_BAD_DEBT
Date:05-01-2018 16:23:20Array
(
    [CARD_AMOUNT] => 500000
    [DATES] => 17-12-2017
)

Date:05-01-2018 16:23:20Thành công thêm dữ liệu vào bảng IDVN_REPORT_BAD_DEBT
Date:05-01-2018 16:23:20Array
(
    [CARD_AMOUNT] => 500000
    [DATES] => 18-12-2017
)

Date:05-01-2018 16:23:20Thành công thêm dữ liệu vào bảng IDVN_REPORT_BAD_DEBT
Date:05-01-2018 16:23:20Array
(
    [CARD_AMOUNT] => 500000
    [DATES] => 19-12-2017
)

Date:05-01-2018 16:23:20Thành công thêm dữ liệu vào bảng IDVN_REPORT_BAD_DEBT
Date:05-01-2018 16:23:20Array
(
    [CARD_AMOUNT] => 500000
    [DATES] => 20-12-2017
)

Date:05-01-2018 16:23:20Thành công thêm dữ liệu vào bảng IDVN_REPORT_BAD_DEBT
Date:05-01-2018 16:23:20Array
(
    [CARD_AMOUNT] => 500000
    [DATES] => 21-12-2017
)

Date:05-01-2018 16:37:23Thành công thêm dữ liệu vào bảng IDVN_REPORT_BAD_DEBT
Date:05-01-2018 16:37:23Array
(
    [CARD_AMOUNT] => 0
    [DATES] => 01-12-2017
)

Date:05-01-2018 16:37:23Thành công thêm dữ liệu vào bảng IDVN_REPORT_BAD_DEBT
Date:05-01-2018 16:37:23Array
(
    [CARD_AMOUNT] => 0
    [DATES] => 02-12-2017
)

Date:05-01-2018 16:37:23Thành công thêm dữ liệu vào bảng IDVN_REPORT_BAD_DEBT
Date:05-01-2018 16:37:23Array
(
    [CARD_AMOUNT] => 0
    [DATES] => 03-12-2017
)

Date:05-01-2018 16:37:24Thành công thêm dữ liệu vào bảng IDVN_REPORT_BAD_DEBT
Date:05-01-2018 16:37:24Array
(
    [CARD_AMOUNT] => 0
    [DATES] => 04-12-2017
)

Date:05-01-2018 16:37:24Thành công thêm dữ liệu vào bảng IDVN_REPORT_BAD_DEBT
Date:05-01-2018 16:37:24Array
(
    [CARD_AMOUNT] => 0
    [DATES] => 05-12-2017
)

Date:05-01-2018 16:37:24Thành công thêm dữ liệu vào bảng IDVN_REPORT_BAD_DEBT
Date:05-01-2018 16:37:24Array
(
    [CARD_AMOUNT] => 0
    [DATES] => 06-12-2017
)

Date:05-01-2018 16:37:24Thành công thêm dữ liệu vào bảng IDVN_REPORT_BAD_DEBT
Date:05-01-2018 16:37:24Array
(
    [CARD_AMOUNT] => 0
    [DATES] => 07-12-2017
)

Date:05-01-2018 16:37:24Thành công thêm dữ liệu vào bảng IDVN_REPORT_BAD_DEBT
Date:05-01-2018 16:37:24Array
(
    [CARD_AMOUNT] => 0
    [DATES] => 08-12-2017
)

Date:05-01-2018 16:37:24Thành công thêm dữ liệu vào bảng IDVN_REPORT_BAD_DEBT
Date:05-01-2018 16:37:24Array
(
    [CARD_AMOUNT] => 0
    [DATES] => 09-12-2017
)

Date:05-01-2018 16:37:24Thành công thêm dữ liệu vào bảng IDVN_REPORT_BAD_DEBT
Date:05-01-2018 16:37:24Array
(
    [CARD_AMOUNT] => 0
    [DATES] => 10-12-2017
)

Date:05-01-2018 16:37:24Thành công thêm dữ liệu vào bảng IDVN_REPORT_BAD_DEBT
Date:05-01-2018 16:37:24Array
(
    [CARD_AMOUNT] => 0
    [DATES] => 11-12-2017
)

Date:05-01-2018 16:37:24Thành công thêm dữ liệu vào bảng IDVN_REPORT_BAD_DEBT
Date:05-01-2018 16:37:24Array
(
    [CARD_AMOUNT] => 0
    [DATES] => 12-12-2017
)

Date:05-01-2018 16:37:24Thành công thêm dữ liệu vào bảng IDVN_REPORT_BAD_DEBT
Date:05-01-2018 16:37:24Array
(
    [CARD_AMOUNT] => 0
    [DATES] => 13-12-2017
)

Date:05-01-2018 16:37:24Thành công thêm dữ liệu vào bảng IDVN_REPORT_BAD_DEBT
Date:05-01-2018 16:37:24Array
(
    [CARD_AMOUNT] => 0
    [DATES] => 14-12-2017
)

Date:05-01-2018 16:37:24Thành công thêm dữ liệu vào bảng IDVN_REPORT_BAD_DEBT
Date:05-01-2018 16:37:24Array
(
    [CARD_AMOUNT] => 0
    [DATES] => 15-12-2017
)

Date:05-01-2018 16:37:24Thành công thêm dữ liệu vào bảng IDVN_REPORT_BAD_DEBT
Date:05-01-2018 16:37:24Array
(
    [CARD_AMOUNT] => 0
    [DATES] => 16-12-2017
)

Date:05-01-2018 16:37:24Thành công thêm dữ liệu vào bảng IDVN_REPORT_BAD_DEBT
Date:05-01-2018 16:37:24Array
(
    [CARD_AMOUNT] => 0
    [DATES] => 17-12-2017
)

Date:05-01-2018 16:37:24Thành công thêm dữ liệu vào bảng IDVN_REPORT_BAD_DEBT
Date:05-01-2018 16:37:24Array
(
    [CARD_AMOUNT] => 0
    [DATES] => 18-12-2017
)

Date:05-01-2018 16:37:24Thành công thêm dữ liệu vào bảng IDVN_REPORT_BAD_DEBT
Date:05-01-2018 16:37:24Array
(
    [CARD_AMOUNT] => 0
    [DATES] => 19-12-2017
)

Date:05-01-2018 16:37:24Thành công thêm dữ liệu vào bảng IDVN_REPORT_BAD_DEBT
Date:05-01-2018 16:37:24Array
(
    [CARD_AMOUNT] => 0
    [DATES] => 20-12-2017
)

Date:05-01-2018 16:37:24Thành công thêm dữ liệu vào bảng IDVN_REPORT_BAD_DEBT
Date:05-01-2018 16:37:24Array
(
    [CARD_AMOUNT] => 0
    [DATES] => 21-12-2017
)

Date:05-01-2018 16:37:24Thành công thêm dữ liệu vào bảng IDVN_REPORT_BAD_DEBT
Date:05-01-2018 16:37:24Array
(
    [CARD_AMOUNT] => 0
    [DATES] => 22-12-2017
)

Date:05-01-2018 16:37:24Thành công thêm dữ liệu vào bảng IDVN_REPORT_BAD_DEBT
Date:05-01-2018 16:37:24Array
(
    [CARD_AMOUNT] => 0
    [DATES] => 23-12-2017
)

Date:05-01-2018 16:37:24Thành công thêm dữ liệu vào bảng IDVN_REPORT_BAD_DEBT
Date:05-01-2018 16:37:24Array
(
    [CARD_AMOUNT] => 0
    [DATES] => 24-12-2017
)

Date:05-01-2018 16:37:24Thành công thêm dữ liệu vào bảng IDVN_REPORT_BAD_DEBT
Date:05-01-2018 16:37:24Array
(
    [CARD_AMOUNT] => 0
    [DATES] => 25-12-2017
)

Date:05-01-2018 16:37:24Thành công thêm dữ liệu vào bảng IDVN_REPORT_BAD_DEBT
Date:05-01-2018 16:37:24Array
(
    [CARD_AMOUNT] => 0
    [DATES] => 26-12-2017
)

Date:05-01-2018 16:37:24Thành công thêm dữ liệu vào bảng IDVN_REPORT_BAD_DEBT
Date:05-01-2018 16:37:24Array
(
    [CARD_AMOUNT] => 0
    [DATES] => 27-12-2017
)

Date:05-01-2018 16:37:24Thành công thêm dữ liệu vào bảng IDVN_REPORT_BAD_DEBT
Date:05-01-2018 16:37:24Array
(
    [CARD_AMOUNT] => 0
    [DATES] => 28-12-2017
)

Date:05-01-2018 16:37:24Thành công thêm dữ liệu vào bảng IDVN_REPORT_BAD_DEBT
Date:05-01-2018 16:37:24Array
(
    [CARD_AMOUNT] => 0
    [DATES] => 29-12-2017
)

Date:05-01-2018 16:37:24Thành công thêm dữ liệu vào bảng IDVN_REPORT_BAD_DEBT
Date:05-01-2018 16:37:24Array
(
    [CARD_AMOUNT] => 0
    [DATES] => 30-12-2017
)

Date:05-01-2018 16:37:24Thành công thêm dữ liệu vào bảng IDVN_REPORT_BAD_DEBT
Date:05-01-2018 16:37:24Array
(
    [CARD_AMOUNT] => 0
    [DATES] => 31-12-2017
)

